2016-12-15 16:33:03 -  - exec CUpdateClientPartner::SearchModulesEx
2016-12-15 16:33:03 -  - exec CUpdateClientPartner::__CollectRequestData
2016-12-15 16:33:03 -  - utf=Y&lang=ru&stable=Y&CANGZIP=Y&SUPD_DBS=MYSQL&XE=N&CLIENT_SITE=contentinfo.ru&LICENSE_KEY=X&SUPD_STS=1&SUPD_URS=0&SUPD_URSA=1&TYPENC=D&CLIENT_PHPVER=5.6.25&NGINX=Y&dbv=5.5.49&instm=main%2C16.5.4%2CY%3Bvote%2C15.5.0%2CN%3Bseo%2C16.0.3%2CN%3Bbitrix.sitepersonal%2C15.0.0%2CN%3Bscale%2C16.0.0%2CN%3Bsecurity%2C16.0.3%2CN%3Bclouds%2C16.0.1%2CN%3Bperfmon%2C16.0.0%2CN%3Bsubscribe%2C16.0.0%2CN%3Bsocialservices%2C16.5.4%2CN%3Bhighloadblock%2C16.0.2%2CN%3Bcompression%2C16.0.0%2CN%3Biblock%2C16.5.2%2CN%3Bform%2C15.0.2%2CN%3Bbitrix.sitecorporate%2C15.0.0%2CN%3Bmobileapp%2C16.0.5%2CN%3Bbitrix.siteinfoportal%2C15.0.0%2CN%3Bphotogallery%2C16.0.1%2CN%3Bblog%2C16.5.4%2CN%3Bbitrixcloud%2C16.0.0%2CN%3Bsearch%2C16.0.0%2CN%3Bfileman%2C16.5.4%2CN%3Bforum%2C16.5.2%2CN%3Btranslate%2C14.5.0%2CN&search_module_id=&search_module=&search_category=7%2C14&search_type=&search_order=DESC&search_order_by=SORT&search_page=1&SUPD_SRS=RU&SUPD_CMP=N
2016-12-15 16:33:03 -  - exec CUpdateClientPartner::GetHTTPPage
2016-12-15 16:33:05 -  - TIME SearchModulesEx(request) 2.161 sec
2016-12-15 16:33:05 -  - exec CUpdateClientPartner::ParseServerData
2016-12-15 16:33:22 -  - exec CUpdateClientPartner::LoadModulesUpdates
2016-12-15 16:33:22 -  - exec CUpdateClientPartner::__CollectRequestData
2016-12-15 16:33:22 -  - utf=Y&lang=ru&stable=Y&CANGZIP=Y&SUPD_DBS=MYSQL&XE=N&CLIENT_SITE=contentinfo.ru&LICENSE_KEY=X&SUPD_STS=1&SUPD_URS=0&SUPD_URSA=1&TYPENC=D&CLIENT_PHPVER=5.6.25&NGINX=Y&dbv=5.5.49&instm=main%2C16.5.4%2CY%3Bvote%2C15.5.0%2CN%3Bseo%2C16.0.3%2CN%3Bbitrix.sitepersonal%2C15.0.0%2CN%3Bscale%2C16.0.0%2CN%3Bsecurity%2C16.0.3%2CN%3Bclouds%2C16.0.1%2CN%3Bperfmon%2C16.0.0%2CN%3Bsubscribe%2C16.0.0%2CN%3Bsocialservices%2C16.5.4%2CN%3Bhighloadblock%2C16.0.2%2CN%3Bcompression%2C16.0.0%2CN%3Biblock%2C16.5.2%2CN%3Bform%2C15.0.2%2CN%3Bbitrix.sitecorporate%2C15.0.0%2CN%3Bmobileapp%2C16.0.5%2CN%3Bbitrix.siteinfoportal%2C15.0.0%2CN%3Bphotogallery%2C16.0.1%2CN%3Bblog%2C16.5.4%2CN%3Bbitrixcloud%2C16.0.0%2CN%3Bsearch%2C16.0.0%2CN%3Bfileman%2C16.5.4%2CN%3Bforum%2C16.5.2%2CN%3Btranslate%2C14.5.0%2CN&reqm=nsandrey.emptyinstall&lim=Y&SUPD_SRS=RU&SUPD_CMP=N
2016-12-15 16:33:22 -  - exec CUpdateClientPartner::GetHTTPPage
2016-12-15 16:33:22 -  - TIME LoadModulesUpdates(request) 0.331 sec
2016-12-15 16:33:22 -  - exec CUpdateClientPartner::ParseServerData
2016-12-15 16:33:22 - S - STEP
2016-12-15 16:33:22 - LM4W01 - loadModule4Wizard-Step
2016-12-15 16:33:22 -  - exec CUpdateClientPartner::LoadModulesUpdates
2016-12-15 16:33:22 -  - exec CUpdateClientPartner::ParseServerData
2016-12-15 16:33:22 -  - loadFile
2016-12-15 16:33:22 - U - RETURN
2016-12-15 16:33:22 -  - exec CUpdateClientPartner::UnGzipArchive
2016-12-15 16:33:22 -  - TIME UnGzipArchive 0.007 sec
2016-12-15 16:33:22 -  - TIME UpdateStepModules 0.009 sec
2016-12-15 16:33:23 -  - exec CUpdateClientPartner::LoadModulesUpdates
2016-12-15 16:33:23 -  - exec CUpdateClientPartner::__CollectRequestData
2016-12-15 16:33:23 -  - utf=Y&lang=ru&stable=Y&CANGZIP=Y&SUPD_DBS=MYSQL&XE=N&CLIENT_SITE=contentinfo.ru&LICENSE_KEY=X&SUPD_STS=1&SUPD_URS=0&SUPD_URSA=1&TYPENC=D&CLIENT_PHPVER=5.6.25&NGINX=Y&dbv=5.5.49&instm=main%2C16.5.4%2CY%3Bvote%2C15.5.0%2CN%3Bseo%2C16.0.3%2CN%3Bbitrix.sitepersonal%2C15.0.0%2CN%3Bscale%2C16.0.0%2CN%3Bsecurity%2C16.0.3%2CN%3Bclouds%2C16.0.1%2CN%3Bperfmon%2C16.0.0%2CN%3Bsubscribe%2C16.0.0%2CN%3Bsocialservices%2C16.5.4%2CN%3Bhighloadblock%2C16.0.2%2CN%3Bcompression%2C16.0.0%2CN%3Biblock%2C16.5.2%2CN%3Bform%2C15.0.2%2CN%3Bnsandrey.emptyinstall%2C1.0.2%2CN%3Bbitrix.sitecorporate%2C15.0.0%2CN%3Bmobileapp%2C16.0.5%2CN%3Bbitrix.siteinfoportal%2C15.0.0%2CN%3Bphotogallery%2C16.0.1%2CN%3Bblog%2C16.5.4%2CN%3Bbitrixcloud%2C16.0.0%2CN%3Bsearch%2C16.0.0%2CN%3Bfileman%2C16.5.4%2CN%3Bforum%2C16.5.2%2CN%3Btranslate%2C14.5.0%2CN&reqm=nsandrey.emptyinstall&lim=Y&SUPD_SRS=RU&SUPD_CMP=N
2016-12-15 16:33:23 -  - exec CUpdateClientPartner::GetHTTPPage
2016-12-15 16:33:23 -  - TIME LoadModulesUpdates(request) 0.308 sec
2016-12-15 16:33:23 -  - exec CUpdateClientPartner::ParseServerData
2016-12-15 16:33:23 - STEP - Finish - NOUPDATES
2016-12-15 16:33:23 - LM4W03 - Finish - NOUPDATES
